# JRE version: OpenJDK Runtime Environment Temurin-21.0.10+7 (21.0.10+7) (build 21.0.10+7-LTS)
# Java VM: OpenJDK 64-Bit Server VM Temurin-21.0.10+7 (21.0.10+7-LTS, mixed mode, sharing, tiered, compressed oops, compressed class ptrs, parallel gc, windows-amd64)
GC Precious Log:
 CardTable entry size: 512
 CPUs: 12 total, 12 available
 Memory: 7365M
 Large Page Support: Disabled
 NUMA Support: Disabled
 Compressed Oops: Enabled (32-bit)
 Alignments: Space 512K, Generation 512K, Heap 2M
 Heap Min Capacity: 100M
 Heap Initial Capacity: 100M
 Heap Max Capacity: 2G
 Pre-touch: Disabled
 Parallel Workers: 10
Heap:
 PSYoungGen      total 3584K, used 3007K [0x00000000d5580000, 0x00000000d5b80000, 0x0000000100000000)
  eden space 2048K, 73% used [0x00000000d5580000,0x00000000d56f9e00,0x00000000d5780000)
  from space 1536K, 97% used [0x00000000d5a00000,0x00000000d5b76000,0x00000000d5b80000)
  to   space 2048K, 0% used [0x00000000d5800000,0x00000000d5800000,0x00000000d5a00000)
 ParOldGen       total 679424K, used 410973K [0x0000000080000000, 0x00000000a9780000, 0x00000000d5580000)
  object space 679424K, 60% used [0x0000000080000000,0x00000000991576f8,0x00000000a9780000)
 Metaspace       used 95345K, committed 97088K, reserved 1179648K
  class space    used 9849K, committed 10560K, reserved 1048576K
GC Heap History (20 events):
Event: 4414.129 GC heap before
{Heap before GC invocations=1802 (full 5):
 PSYoungGen      total 2560K, used 2270K [0x00000000d5580000, 0x00000000d5a80000, 0x0000000100000000)
  eden space 2048K, 99% used [0x00000000d5580000,0x00000000d577fb20,0x00000000d5780000)
  from space 512K, 43% used [0x00000000d5a00000,0x00000000d5a38000,0x00000000d5a80000)
  to   space 512K, 0% used [0x00000000d5980000,0x00000000d5980000,0x00000000d5a00000)
 ParOldGen       total 679424K, used 399321K [0x0000000080000000, 0x00000000a9780000, 0x00000000d5580000)
  object space 679424K, 58% used [0x0000000080000000,0x00000000985f6690,0x00000000a9780000)
 Metaspace       used 94996K, committed 96704K, reserved 1179648K
  class space    used 9799K, committed 10496K, reserved 1048576K
}
Event: 4414.135 GC heap after
{Heap after GC invocations=1802 (full 5):
 PSYoungGen      total 2560K, used 160K [0x00000000d5580000, 0x00000000d5a80000, 0x0000000100000000)
  eden space 2048K, 0% used [0x00000000d5580000,0x00000000d5580000,0x00000000d5780000)
  from space 512K, 31% used [0x00000000d5980000,0x00000000d59a8000,0x00000000d5a00000)
  to   space 512K, 0% used [0x00000000d5a00000,0x00000000d5a00000,0x00000000d5a80000)
 ParOldGen       total 679424K, used 399345K [0x0000000080000000, 0x00000000a9780000, 0x00000000d5580000)
  object space 679424K, 58% used [0x0000000080000000,0x00000000985fc690,0x00000000a9780000)
 Metaspace       used 94996K, committed 96704K, reserved 1179648K
  class space    used 9799K, committed 10496K, reserved 1048576K
}
Event: 4417.030 GC heap before
{Heap before GC invocations=1803 (full 5):
 PSYoungGen      total 2560K, used 2207K [0x00000000d5580000, 0x00000000d5a80000, 0x0000000100000000)
  eden space 2048K, 99% used [0x00000000d5580000,0x00000000d577ffc0,0x00000000d5780000)
  from space 512K, 31% used [0x00000000d5980000,0x00000000d59a8000,0x00000000d5a00000)
  to   space 512K, 0% used [0x00000000d5a00000,0x00000000d5a00000,0x00000000d5a80000)
 ParOldGen       total 679424K, used 399345K [0x0000000080000000, 0x00000000a9780000, 0x00000000d5580000)
  object space 679424K, 58% used [0x0000000080000000,0x00000000985fc690,0x00000000a9780000)
 Metaspace       used 95160K, committed 96896K, reserved 1179648K
  class space    used 9824K, committed 10560K, reserved 1048576K
}
Event: 4417.061 GC heap after
{Heap after GC invocations=1803 (full 5):
 PSYoungGen      total 2560K, used 320K [0x00000000d5580000, 0x00000000d5a80000, 0x0000000100000000)
  eden space 2048K, 0% used [0x00000000d5580000,0x00000000d5580000,0x00000000d5780000)
  from space 512K, 62% used [0x00000000d5a00000,0x00000000d5a50000,0x00000000d5a80000)
  to   space 512K, 0% used [0x00000000d5980000,0x00000000d5980000,0x00000000d5a00000)
 ParOldGen       total 679424K, used 399385K [0x0000000080000000, 0x00000000a9780000, 0x00000000d5580000)
  object space 679424K, 58% used [0x0000000080000000,0x0000000098606690,0x00000000a9780000)
 Metaspace       used 95160K, committed 96896K, reserved 1179648K
  class space    used 9824K, committed 10560K, reserved 1048576K
}
Event: 4418.292 GC heap before
{Heap before GC invocations=1804 (full 5):
 PSYoungGen      total 2560K, used 2367K [0x00000000d5580000, 0x00000000d5a80000, 0x0000000100000000)
  eden space 2048K, 99% used [0x00000000d5580000,0x00000000d577fff0,0x00000000d5780000)
  from space 512K, 62% used [0x00000000d5a00000,0x00000000d5a50000,0x00000000d5a80000)
  to   space 512K, 0% used [0x00000000d5980000,0x00000000d5980000,0x00000000d5a00000)
 ParOldGen       total 679424K, used 399385K [0x0000000080000000, 0x00000000a9780000, 0x00000000d5580000)
  object space 679424K, 58% used [0x0000000080000000,0x0000000098606690,0x00000000a9780000)
 Metaspace       used 95221K, committed 96960K, reserved 1179648K
  class space    used 9833K, committed 10560K, reserved 1048576K
}
Event: 4418.306 GC heap after
{Heap after GC invocations=1804 (full 5):
 PSYoungGen      total 2560K, used 512K [0x00000000d5580000, 0x00000000d5a80000, 0x0000000100000000)
  eden space 2048K, 0% used [0x00000000d5580000,0x00000000d5580000,0x00000000d5780000)
  from space 512K, 100% used [0x00000000d5980000,0x00000000d5a00000,0x00000000d5a00000)
  to   space 512K, 0% used [0x00000000d5a00000,0x00000000d5a00000,0x00000000d5a80000)
 ParOldGen       total 679424K, used 399585K [0x0000000080000000, 0x00000000a9780000, 0x00000000d5580000)
  object space 679424K, 58% used [0x0000000080000000,0x00000000986386c0,0x00000000a9780000)
 Metaspace       used 95221K, committed 96960K, reserved 1179648K
  class space    used 9833K, committed 10560K, reserved 1048576K
}
Event: 4419.651 GC heap before
{Heap before GC invocations=1805 (full 5):
 PSYoungGen      total 2560K, used 2560K [0x00000000d5580000, 0x00000000d5a80000, 0x0000000100000000)
  eden space 2048K, 100% used [0x00000000d5580000,0x00000000d5780000,0x00000000d5780000)
  from space 512K, 100% used [0x00000000d5980000,0x00000000d5a00000,0x00000000d5a00000)
  to   space 512K, 0% used [0x00000000d5a00000,0x00000000d5a00000,0x00000000d5a80000)
 ParOldGen       total 679424K, used 399585K [0x0000000080000000, 0x00000000a9780000, 0x00000000d5580000)
  object space 679424K, 58% used [0x0000000080000000,0x00000000986386c0,0x00000000a9780000)
 Metaspace       used 95269K, committed 96960K, reserved 1179648K
  class space    used 9843K, committed 10560K, reserved 1048576K
}
Event: 4419.659 GC heap after
{Heap after GC invocations=1805 (full 5):
 PSYoungGen      total 2560K, used 512K [0x00000000d5580000, 0x00000000d5b80000, 0x0000000100000000)
  eden space 2048K, 0% used [0x00000000d5580000,0x00000000d5580000,0x00000000d5780000)
  from space 512K, 100% used [0x00000000d5a00000,0x00000000d5a80000,0x00000000d5a80000)
  to   space 2048K, 0% used [0x00000000d5780000,0x00000000d5780000,0x00000000d5980000)
 ParOldGen       total 679424K, used 400634K [0x0000000080000000, 0x00000000a9780000, 0x00000000d5580000)
  object space 679424K, 58% used [0x0000000080000000,0x000000009873e8f8,0x00000000a9780000)
 Metaspace       used 95269K, committed 96960K, reserved 1179648K
  class space    used 9843K, committed 10560K, reserved 1048576K
}
Event: 4419.688 GC heap before
{Heap before GC invocations=1806 (full 5):
 PSYoungGen      total 2560K, used 2559K [0x00000000d5580000, 0x00000000d5b80000, 0x0000000100000000)
  eden space 2048K, 99% used [0x00000000d5580000,0x00000000d577ffb8,0x00000000d5780000)
  from space 512K, 100% used [0x00000000d5a00000,0x00000000d5a80000,0x00000000d5a80000)
  to   space 2048K, 0% used [0x00000000d5780000,0x00000000d5780000,0x00000000d5980000)
 ParOldGen       total 679424K, used 400634K [0x0000000080000000, 0x00000000a9780000, 0x00000000d5580000)
  object space 679424K, 58% used [0x0000000080000000,0x000000009873e8f8,0x00000000a9780000)
 Metaspace       used 95269K, committed 96960K, reserved 1179648K
  class space    used 9843K, committed 10560K, reserved 1048576K
}
Event: 4419.695 GC heap after
{Heap after GC invocations=1806 (full 5):
 PSYoungGen      total 4096K, used 2048K [0x00000000d5580000, 0x00000000d5d80000, 0x0000000100000000)
  eden space 2048K, 0% used [0x00000000d5580000,0x00000000d5580000,0x00000000d5780000)
  from space 2048K, 100% used [0x00000000d5780000,0x00000000d5980000,0x00000000d5980000)
  to   space 3072K, 0% used [0x00000000d5a80000,0x00000000d5a80000,0x00000000d5d80000)
 ParOldGen       total 679424K, used 401194K [0x0000000080000000, 0x00000000a9780000, 0x00000000d5580000)
  object space 679424K, 59% used [0x0000000080000000,0x00000000987ca908,0x00000000a9780000)
 Metaspace       used 95269K, committed 96960K, reserved 1179648K
  class space    used 9843K, committed 10560K, reserved 1048576K
}
Event: 4419.725 GC heap before
{Heap before GC invocations=1807 (full 5):
 PSYoungGen      total 4096K, used 4096K [0x00000000d5580000, 0x00000000d5d80000, 0x0000000100000000)
  eden space 2048K, 100% used [0x00000000d5580000,0x00000000d5780000,0x00000000d5780000)
  from space 2048K, 100% used [0x00000000d5780000,0x00000000d5980000,0x00000000d5980000)
  to   space 3072K, 0% used [0x00000000d5a80000,0x00000000d5a80000,0x00000000d5d80000)
 ParOldGen       total 679424K, used 401194K [0x0000000080000000, 0x00000000a9780000, 0x00000000d5580000)
  object space 679424K, 59% used [0x0000000080000000,0x00000000987ca908,0x00000000a9780000)
 Metaspace       used 95269K, committed 96960K, reserved 1179648K
  class space    used 9843K, committed 10560K, reserved 1048576K
}
Event: 4419.733 GC heap after
{Heap after GC invocations=1807 (full 5):
 PSYoungGen      total 4608K, used 2144K [0x00000000d5580000, 0x00000000d5d00000, 0x0000000100000000)
  eden space 2048K, 0% used [0x00000000d5580000,0x00000000d5580000,0x00000000d5780000)
  from space 2560K, 83% used [0x00000000d5a80000,0x00000000d5c98000,0x00000000d5d00000)
  to   space 2560K, 0% used [0x00000000d5800000,0x00000000d5800000,0x00000000d5a80000)
 ParOldGen       total 679424K, used 403266K [0x0000000080000000, 0x00000000a9780000, 0x00000000d5580000)
  object space 679424K, 59% used [0x0000000080000000,0x00000000989d0908,0x00000000a9780000)
 Metaspace       used 95269K, committed 96960K, reserved 1179648K
  class space    used 9843K, committed 10560K, reserved 1048576K
}
Event: 4419.753 GC heap before
{Heap before GC invocations=1808 (full 5):
 PSYoungGen      total 4608K, used 4192K [0x00000000d5580000, 0x00000000d5d00000, 0x0000000100000000)
  eden space 2048K, 100% used [0x00000000d5580000,0x00000000d5780000,0x00000000d5780000)
  from space 2560K, 83% used [0x00000000d5a80000,0x00000000d5c98000,0x00000000d5d00000)
  to   space 2560K, 0% used [0x00000000d5800000,0x00000000d5800000,0x00000000d5a80000)
 ParOldGen       total 679424K, used 403266K [0x0000000080000000, 0x00000000a9780000, 0x00000000d5580000)
  object space 679424K, 59% used [0x0000000080000000,0x00000000989d0908,0x00000000a9780000)
 Metaspace       used 95269K, committed 96960K, reserved 1179648K
  class space    used 9843K, committed 10560K, reserved 1048576K
}
Event: 4419.762 GC heap after
{Heap after GC invocations=1808 (full 5):
 PSYoungGen      total 4096K, used 1890K [0x00000000d5580000, 0x00000000d5b80000, 0x0000000100000000)
  eden space 2048K, 0% used [0x00000000d5580000,0x00000000d5580000,0x00000000d5780000)
  from space 2048K, 92% used [0x00000000d5800000,0x00000000d59d8800,0x00000000d5a00000)
  to   space 1536K, 0% used [0x00000000d5a00000,0x00000000d5a00000,0x00000000d5b80000)
 ParOldGen       total 679424K, used 405338K [0x0000000080000000, 0x00000000a9780000, 0x00000000d5580000)
  object space 679424K, 59% used [0x0000000080000000,0x0000000098bd6908,0x00000000a9780000)
 Metaspace       used 95269K, committed 96960K, reserved 1179648K
  class space    used 9843K, committed 10560K, reserved 1048576K
}
Event: 4419.802 GC heap before
{Heap before GC invocations=1809 (full 5):
 PSYoungGen      total 4096K, used 3938K [0x00000000d5580000, 0x00000000d5b80000, 0x0000000100000000)
  eden space 2048K, 100% used [0x00000000d5580000,0x00000000d5780000,0x00000000d5780000)
  from space 2048K, 92% used [0x00000000d5800000,0x00000000d59d8800,0x00000000d5a00000)
  to   space 1536K, 0% used [0x00000000d5a00000,0x00000000d5a00000,0x00000000d5b80000)
 ParOldGen       total 679424K, used 405338K [0x0000000080000000, 0x00000000a9780000, 0x00000000d5580000)
  object space 679424K, 59% used [0x0000000080000000,0x0000000098bd6908,0x00000000a9780000)
 Metaspace       used 95269K, committed 96960K, reserved 1179648K
  class space    used 9843K, committed 10560K, reserved 1048576K
}
Event: 4421.828 GC heap after
{Heap after GC invocations=1809 (full 5):
 PSYoungGen      total 3584K, used 1513K [0x00000000d5580000, 0x00000000d5b80000, 0x0000000100000000)
  eden space 2048K, 0% used [0x00000000d5580000,0x00000000d5580000,0x00000000d5780000)
  from space 1536K, 98% used [0x00000000d5a00000,0x00000000d5b7a5f0,0x00000000d5b80000)
  to   space 2048K, 0% used [0x00000000d5800000,0x00000000d5800000,0x00000000d5a00000)
 ParOldGen       total 679424K, used 407308K [0x0000000080000000, 0x00000000a9780000, 0x00000000d5580000)
  object space 679424K, 59% used [0x0000000080000000,0x0000000098dc3108,0x00000000a9780000)
 Metaspace       used 95269K, committed 96960K, reserved 1179648K
  class space    used 9843K, committed 10560K, reserved 1048576K
}
Event: 4421.857 GC heap before
{Heap before GC invocations=1810 (full 5):
 PSYoungGen      total 3584K, used 3561K [0x00000000d5580000, 0x00000000d5b80000, 0x0000000100000000)
  eden space 2048K, 100% used [0x00000000d5580000,0x00000000d5780000,0x00000000d5780000)
  from space 1536K, 98% used [0x00000000d5a00000,0x00000000d5b7a5f0,0x00000000d5b80000)
  to   space 2048K, 0% used [0x00000000d5800000,0x00000000d5800000,0x00000000d5a00000)
 ParOldGen       total 679424K, used 407308K [0x0000000080000000, 0x00000000a9780000, 0x00000000d5580000)
  object space 679424K, 59% used [0x0000000080000000,0x0000000098dc3108,0x00000000a9780000)
 Metaspace       used 95269K, committed 96960K, reserved 1179648K
  class space    used 9843K, committed 10560K, reserved 1048576K
}
Event: 4423.878 GC heap after
{Heap after GC invocations=1810 (full 5):
 PSYoungGen      total 4096K, used 2048K [0x00000000d5580000, 0x00000000d5b80000, 0x0000000100000000)
  eden space 2048K, 0% used [0x00000000d5580000,0x00000000d5580000,0x00000000d5780000)
  from space 2048K, 100% used [0x00000000d5800000,0x00000000d5a00000,0x00000000d5a00000)
  to   space 1536K, 0% used [0x00000000d5a00000,0x00000000d5a00000,0x00000000d5b80000)
 ParOldGen       total 679424K, used 408909K [0x0000000080000000, 0x00000000a9780000, 0x00000000d5580000)
  object space 679424K, 60% used [0x0000000080000000,0x0000000098f536f8,0x00000000a9780000)
 Metaspace       used 95269K, committed 96960K, reserved 1179648K
  class space    used 9843K, committed 10560K, reserved 1048576K
}
Event: 4423.887 GC heap before
{Heap before GC invocations=1811 (full 5):
 PSYoungGen      total 4096K, used 4096K [0x00000000d5580000, 0x00000000d5b80000, 0x0000000100000000)
  eden space 2048K, 100% used [0x00000000d5580000,0x00000000d5780000,0x00000000d5780000)
  from space 2048K, 100% used [0x00000000d5800000,0x00000000d5a00000,0x00000000d5a00000)
  to   space 1536K, 0% used [0x00000000d5a00000,0x00000000d5a00000,0x00000000d5b80000)
 ParOldGen       total 679424K, used 408909K [0x0000000080000000, 0x00000000a9780000, 0x00000000d5580000)
  object space 679424K, 60% used [0x0000000080000000,0x0000000098f536f8,0x00000000a9780000)
 Metaspace       used 95269K, committed 96960K, reserved 1179648K
  class space    used 9843K, committed 10560K, reserved 1048576K
}
Event: 4424.908 GC heap after
{Heap after GC invocations=1811 (full 5):
 PSYoungGen      total 3584K, used 1496K [0x00000000d5580000, 0x00000000d5b80000, 0x0000000100000000)
  eden space 2048K, 0% used [0x00000000d5580000,0x00000000d5580000,0x00000000d5780000)
  from space 1536K, 97% used [0x00000000d5a00000,0x00000000d5b76000,0x00000000d5b80000)
  to   space 2048K, 0% used [0x00000000d5800000,0x00000000d5800000,0x00000000d5a00000)
 ParOldGen       total 679424K, used 410973K [0x0000000080000000, 0x00000000a9780000, 0x00000000d5580000)
  object space 679424K, 60% used [0x0000000080000000,0x00000000991576f8,0x00000000a9780000)
 Metaspace       used 95269K, committed 96960K, reserved 1179648K
  class space    used 9843K, committed 10560K, reserved 1048576K
}

