<?xml version="1.0" encoding="UTF-8"?>
<!-- Generated by org.testng.reporters.JUnitXMLReporter -->
<testsuite ignored="0" hostname="thuthu" failures="0" tests="6" name="Surefire test" time="36.826" errors="0" timestamp="2026-06-03T09:59:19 ICT">
  <testcase classname="tests.LoginTest" name="testLogin" time="1.909"/>
  <testcase classname="tests.LoginTest" name="testLogin" time="0.805"/>
  <testcase classname="tests.LoginTest" name="testLogin" time="0.669"/>
  <testcase classname="tests.LoginTest" name="testLogin" time="0.228"/>
  <testcase classname="tests.LoginTest" name="testLogin" time="0.224"/>
  <testcase classname="tests.LoginTest" name="testLogin" time="0.229"/>
</testsuite> <!-- Surefire test -->
