<?xml version="1.0" encoding="UTF-8"?>
<testng-results ignored="0" total="6" passed="6" failed="0" skipped="0">
  <reporter-output>
  </reporter-output>
  <suite started-at="2026-06-03T09:58:42 ICT" name="Surefire suite" finished-at="2026-06-03T09:59:19 ICT" duration-ms="36826">
    <groups>
    </groups>
    <test started-at="2026-06-03T09:58:42 ICT" name="Surefire test" finished-at="2026-06-03T09:59:19 ICT" duration-ms="36826">
      <class name="tests.LoginTest">
        <test-method is-config="true" signature="setup()[pri:0, instance:tests.LoginTest@68e62ca4]" started-at="2026-06-03T09:58:42 ICT" name="setup" finished-at="2026-06-03T09:58:54 ICT" duration-ms="11670" status="PASS">
          <reporter-output>
          </reporter-output>
        </test-method> <!-- setup -->
        <test-method is-config="true" signature="createContext()[pri:0, instance:tests.LoginTest@68e62ca4]" started-at="2026-06-03T09:58:54 ICT" name="createContext" finished-at="2026-06-03T09:58:54 ICT" duration-ms="640" status="PASS">
          <reporter-output>
          </reporter-output>
        </test-method> <!-- createContext -->
        <test-method is-config="true" signature="initPage()[pri:0, instance:tests.LoginTest@68e62ca4]" started-at="2026-06-03T09:58:55 ICT" name="initPage" finished-at="2026-06-03T09:58:58 ICT" duration-ms="3167" status="PASS">
          <reporter-output>
          </reporter-output>
        </test-method> <!-- initPage -->
        <test-method signature="testLogin(java.lang.String,java.lang.String,java.lang.String)[pri:0, instance:tests.LoginTest@68e62ca4]" started-at="2026-06-03T09:58:58 ICT" name="testLogin" data-provider="loginData" finished-at="2026-06-03T09:59:00 ICT" duration-ms="1909" status="PASS">
          <params>
            <param index="0">
              <value>
                <![CDATA[ohtthu0308@gmail.com]]>
              </value>
            </param>
            <param index="1">
              <value>
                <![CDATA[thienthu0308]]>
              </value>
            </param>
            <param index="2">
              <value>
                <![CDATA[success]]>
              </value>
            </param>
          </params>
          <reporter-output>
          </reporter-output>
        </test-method> <!-- testLogin -->
        <test-method is-config="true" signature="closeContext()[pri:0, instance:tests.LoginTest@68e62ca4]" started-at="2026-06-03T09:59:00 ICT" name="closeContext" finished-at="2026-06-03T09:59:00 ICT" duration-ms="133" status="PASS">
          <reporter-output>
          </reporter-output>
        </test-method> <!-- closeContext -->
        <test-method is-config="true" signature="createContext()[pri:0, instance:tests.LoginTest@68e62ca4]" started-at="2026-06-03T09:59:00 ICT" name="createContext" finished-at="2026-06-03T09:59:00 ICT" duration-ms="588" status="PASS">
          <reporter-output>
          </reporter-output>
        </test-method> <!-- createContext -->
        <test-method is-config="true" signature="initPage()[pri:0, instance:tests.LoginTest@68e62ca4]" started-at="2026-06-03T09:59:00 ICT" name="initPage" finished-at="2026-06-03T09:59:03 ICT" duration-ms="3027" status="PASS">
          <reporter-output>
          </reporter-output>
        </test-method> <!-- initPage -->
        <test-method signature="testLogin(java.lang.String,java.lang.String,java.lang.String)[pri:0, instance:tests.LoginTest@68e62ca4]" started-at="2026-06-03T09:59:03 ICT" name="testLogin" data-provider="loginData" finished-at="2026-06-03T09:59:04 ICT" duration-ms="805" status="PASS">
          <params>
            <param index="0">
              <value>
                <![CDATA[ohtthu0308@gmail.com]]>
              </value>
            </param>
            <param index="1">
              <value>
                <![CDATA[thienthu2004]]>
              </value>
            </param>
            <param index="2">
              <value>
                <![CDATA[failed]]>
              </value>
            </param>
          </params>
          <reporter-output>
          </reporter-output>
        </test-method> <!-- testLogin -->
        <test-method is-config="true" signature="closeContext()[pri:0, instance:tests.LoginTest@68e62ca4]" started-at="2026-06-03T09:59:04 ICT" name="closeContext" finished-at="2026-06-03T09:59:04 ICT" duration-ms="165" status="PASS">
          <reporter-output>
          </reporter-output>
        </test-method> <!-- closeContext -->
        <test-method is-config="true" signature="createContext()[pri:0, instance:tests.LoginTest@68e62ca4]" started-at="2026-06-03T09:59:04 ICT" name="createContext" finished-at="2026-06-03T09:59:05 ICT" duration-ms="343" status="PASS">
          <reporter-output>
          </reporter-output>
        </test-method> <!-- createContext -->
        <test-method is-config="true" signature="initPage()[pri:0, instance:tests.LoginTest@68e62ca4]" started-at="2026-06-03T09:59:05 ICT" name="initPage" finished-at="2026-06-03T09:59:07 ICT" duration-ms="2390" status="PASS">
          <reporter-output>
          </reporter-output>
        </test-method> <!-- initPage -->
        <test-method signature="testLogin(java.lang.String,java.lang.String,java.lang.String)[pri:0, instance:tests.LoginTest@68e62ca4]" started-at="2026-06-03T09:59:07 ICT" name="testLogin" data-provider="loginData" finished-at="2026-06-03T09:59:08 ICT" duration-ms="669" status="PASS">
          <params>
            <param index="0">
              <value>
                <![CDATA[ohtthu0308@gmail]]>
              </value>
            </param>
            <param index="1">
              <value>
                <![CDATA[thienthu0308]]>
              </value>
            </param>
            <param index="2">
              <value>
                <![CDATA[failed]]>
              </value>
            </param>
          </params>
          <reporter-output>
          </reporter-output>
        </test-method> <!-- testLogin -->
        <test-method is-config="true" signature="closeContext()[pri:0, instance:tests.LoginTest@68e62ca4]" started-at="2026-06-03T09:59:08 ICT" name="closeContext" finished-at="2026-06-03T09:59:08 ICT" duration-ms="82" status="PASS">
          <reporter-output>
          </reporter-output>
        </test-method> <!-- closeContext -->
        <test-method is-config="true" signature="createContext()[pri:0, instance:tests.LoginTest@68e62ca4]" started-at="2026-06-03T09:59:08 ICT" name="createContext" finished-at="2026-06-03T09:59:08 ICT" duration-ms="294" status="PASS">
          <reporter-output>
          </reporter-output>
        </test-method> <!-- createContext -->
        <test-method is-config="true" signature="initPage()[pri:0, instance:tests.LoginTest@68e62ca4]" started-at="2026-06-03T09:59:08 ICT" name="initPage" finished-at="2026-06-03T09:59:11 ICT" duration-ms="2360" status="PASS">
          <reporter-output>
          </reporter-output>
        </test-method> <!-- initPage -->
        <test-method signature="testLogin(java.lang.String,java.lang.String,java.lang.String)[pri:0, instance:tests.LoginTest@68e62ca4]" started-at="2026-06-03T09:59:11 ICT" name="testLogin" data-provider="loginData" finished-at="2026-06-03T09:59:11 ICT" duration-ms="228" status="PASS">
          <params>
            <param index="0">
              <value>
                <![CDATA[]]>
              </value>
            </param>
            <param index="1">
              <value>
                <![CDATA[]]>
              </value>
            </param>
            <param index="2">
              <value>
                <![CDATA[stillOnPage]]>
              </value>
            </param>
          </params>
          <reporter-output>
          </reporter-output>
        </test-method> <!-- testLogin -->
        <test-method is-config="true" signature="closeContext()[pri:0, instance:tests.LoginTest@68e62ca4]" started-at="2026-06-03T09:59:11 ICT" name="closeContext" finished-at="2026-06-03T09:59:11 ICT" duration-ms="84" status="PASS">
          <reporter-output>
          </reporter-output>
        </test-method> <!-- closeContext -->
        <test-method is-config="true" signature="createContext()[pri:0, instance:tests.LoginTest@68e62ca4]" started-at="2026-06-03T09:59:11 ICT" name="createContext" finished-at="2026-06-03T09:59:11 ICT" duration-ms="288" status="PASS">
          <reporter-output>
          </reporter-output>
        </test-method> <!-- createContext -->
        <test-method is-config="true" signature="initPage()[pri:0, instance:tests.LoginTest@68e62ca4]" started-at="2026-06-03T09:59:11 ICT" name="initPage" finished-at="2026-06-03T09:59:13 ICT" duration-ms="2301" status="PASS">
          <reporter-output>
          </reporter-output>
        </test-method> <!-- initPage -->
        <test-method signature="testLogin(java.lang.String,java.lang.String,java.lang.String)[pri:0, instance:tests.LoginTest@68e62ca4]" started-at="2026-06-03T09:59:13 ICT" name="testLogin" data-provider="loginData" finished-at="2026-06-03T09:59:14 ICT" duration-ms="224" status="PASS">
          <params>
            <param index="0">
              <value>
                <![CDATA[ohtthu0308@gmail.com]]>
              </value>
            </param>
            <param index="1">
              <value>
                <![CDATA[]]>
              </value>
            </param>
            <param index="2">
              <value>
                <![CDATA[stillOnPage]]>
              </value>
            </param>
          </params>
          <reporter-output>
          </reporter-output>
        </test-method> <!-- testLogin -->
        <test-method is-config="true" signature="closeContext()[pri:0, instance:tests.LoginTest@68e62ca4]" started-at="2026-06-03T09:59:14 ICT" name="closeContext" finished-at="2026-06-03T09:59:14 ICT" duration-ms="76" status="PASS">
          <reporter-output>
          </reporter-output>
        </test-method> <!-- closeContext -->
        <test-method is-config="true" signature="createContext()[pri:0, instance:tests.LoginTest@68e62ca4]" started-at="2026-06-03T09:59:14 ICT" name="createContext" finished-at="2026-06-03T09:59:14 ICT" duration-ms="296" status="PASS">
          <reporter-output>
          </reporter-output>
        </test-method> <!-- createContext -->
        <test-method is-config="true" signature="initPage()[pri:0, instance:tests.LoginTest@68e62ca4]" started-at="2026-06-03T09:59:14 ICT" name="initPage" finished-at="2026-06-03T09:59:17 ICT" duration-ms="2598" status="PASS">
          <reporter-output>
          </reporter-output>
        </test-method> <!-- initPage -->
        <test-method signature="testLogin(java.lang.String,java.lang.String,java.lang.String)[pri:0, instance:tests.LoginTest@68e62ca4]" started-at="2026-06-03T09:59:17 ICT" name="testLogin" data-provider="loginData" finished-at="2026-06-03T09:59:17 ICT" duration-ms="229" status="PASS">
          <params>
            <param index="0">
              <value>
                <![CDATA[]]>
              </value>
            </param>
            <param index="1">
              <value>
                <![CDATA[thienthu0308]]>
              </value>
            </param>
            <param index="2">
              <value>
                <![CDATA[stillOnPage]]>
              </value>
            </param>
          </params>
          <reporter-output>
          </reporter-output>
        </test-method> <!-- testLogin -->
        <test-method is-config="true" signature="closeContext()[pri:0, instance:tests.LoginTest@68e62ca4]" started-at="2026-06-03T09:59:17 ICT" name="closeContext" finished-at="2026-06-03T09:59:17 ICT" duration-ms="88" status="PASS">
          <reporter-output>
          </reporter-output>
        </test-method> <!-- closeContext -->
        <test-method is-config="true" signature="teardown()[pri:0, instance:tests.LoginTest@68e62ca4]" started-at="2026-06-03T09:59:17 ICT" name="teardown" finished-at="2026-06-03T09:59:19 ICT" duration-ms="1702" status="PASS">
          <reporter-output>
          </reporter-output>
        </test-method> <!-- teardown -->
      </class> <!-- tests.LoginTest -->
    </test> <!-- Surefire test -->
  </suite> <!-- Surefire suite -->
</testng-results>
