<?xml version="1.0" encoding="UTF-8"?>
<testsuite xmlns:xsi="http://www.w3.org/2001/XMLSchema-instance" xsi:noNamespaceSchemaLocation="https://maven.apache.org/surefire/maven-surefire-plugin/xsd/surefire-test-report-3.0.xsd" version="3.0" name="TestSuite" time="164.983" tests="50" errors="0" skipped="34" failures="3">
  <properties>
[...]
</properties>
  <testcase name="testLogin[ohtthu0308@gmail.com, thienthu0308, success](1)" classname="tests.LoginTest" time="2.637">
    <system-out><![CDATA[Login successful: ohtthu0308@gmail.com
]]></system-out>
    <system-err><![CDATA[SLF4J: Failed to load class "org.slf4j.impl.StaticLoggerBinder".
SLF4J: Defaulting to no-operation (NOP) logger implementation
SLF4J: See http://www.slf4j.org/codes.html#StaticLoggerBinder for further details.
]]></system-err>
  </testcase>
  <testcase name="testLogin[ohtthu0308@gmail.com, thienthu2004, failed](2)" classname="tests.LoginTest" time="0.889">
    <system-out><![CDATA[Login failed: ohtthu0308@gmail.com
]]></system-out>
  </testcase>
  <testcase name="testLogin[ohtthu0308@gmail, thienthu0308, failed](3)" classname="tests.LoginTest" time="0.678">
    <system-out><![CDATA[Login failed: ohtthu0308@gmail
]]></system-out>
  </testcase>
  <testcase name="testLogin[, , stillOnPage](4)" classname="tests.LoginTest" time="0.231">
    <system-out><![CDATA[Still on login page: 
]]></system-out>
  </testcase>
  <testcase name="testLogin[ohtthu0308@gmail.com, , stillOnPage](5)" classname="tests.LoginTest" time="0.239">
    <system-out><![CDATA[Still on login page: ohtthu0308@gmail.com
]]></system-out>
  </testcase>
  <testcase name="testLogin[, thienthu0308, stillOnPage](6)" classname="tests.LoginTest" time="0.219">
    <system-out><![CDATA[Still on login page: 
]]></system-out>
  </testcase>
  <testcase name="searchCaseInsensitive" classname="tests.SearchTest" time="0.803">
    <system-out><![CDATA[Search with case-insensitive input completed!
]]></system-out>
  </testcase>
  <testcase name="searchEmpty" classname="tests.SearchTest" time="0.877">
    <system-out><![CDATA[Search with empty input completed!
]]></system-out>
  </testcase>
  <testcase name="searchNonExistingProduct" classname="tests.SearchTest" time="0.841">
    <system-out><![CDATA[Search for non-existing product completed!
]]></system-out>
  </testcase>
  <testcase name="searchProduct" classname="tests.SearchTest" time="1.625">
    <system-out><![CDATA[Search activity completed!
]]></system-out>
  </testcase>
  <testcase name="initPage" classname="tests.SearchTest" time="32.008">
    <failure message="Error {&#10;  message=&apos;Timeout 30000ms exceeded.&#10;  name=&apos;TimeoutError&#10;  stack=&apos;TimeoutError: Timeout 30000ms exceeded.&#10;    at ProgressController.run (E:\Temp\playwright-java-10231606849415422161\package\lib\server\progress.js:78:26)&#10;    at Frame.goto (E:\Temp\playwright-java-10231606849415422161\package\lib\server\frames.js:517:23)&#10;    at FrameDispatcher.goto (E:\Temp\playwright-java-10231606849415422161\package\lib\server\dispatchers\frameDispatcher.js:81:119)&#10;    at FrameDispatcher._handleCommand (E:\Temp\playwright-java-10231606849415422161\package\lib\server\dispatchers\dispatcher.js:94:40)&#10;    at DispatcherConnection.dispatch (E:\Temp\playwright-java-10231606849415422161\package\lib\server\dispatchers\dispatcher.js:361:39)&#10;}&#10;Call log:&#10;- navigating to &quot;https://automationexercise.com/products&quot;, waiting until &quot;load&quot;&#10;" type="com.microsoft.playwright.TimeoutError"><![CDATA[com.microsoft.playwright.TimeoutError: 
Error {
  message='Timeout 30000ms exceeded.
  name='TimeoutError
  stack='TimeoutError: Timeout 30000ms exceeded.
    at ProgressController.run (E:\Temp\playwright-java-10231606849415422161\package\lib\server\progress.js:78:26)
    at Frame.goto (E:\Temp\playwright-java-10231606849415422161\package\lib\server\frames.js:517:23)
    at FrameDispatcher.goto (E:\Temp\playwright-java-10231606849415422161\package\lib\server\dispatchers\frameDispatcher.js:81:119)
    at FrameDispatcher._handleCommand (E:\Temp\playwright-java-10231606849415422161\package\lib\server\dispatchers\dispatcher.js:94:40)
    at DispatcherConnection.dispatch (E:\Temp\playwright-java-10231606849415422161\package\lib\server\dispatchers\dispatcher.js:361:39)
}
Call log:
- navigating to "https://automationexercise.com/products", waiting until "load"

	at com.microsoft.playwright.impl.WaitableResult.get(WaitableResult.java:52)
	at com.microsoft.playwright.impl.ChannelOwner.runUntil(ChannelOwner.java:120)
	at com.microsoft.playwright.impl.Connection.sendMessage(Connection.java:130)
	at com.microsoft.playwright.impl.ChannelOwner.sendMessage(ChannelOwner.java:106)
	at com.microsoft.playwright.impl.FrameImpl.navigateImpl(FrameImpl.java:463)
	at com.microsoft.playwright.impl.PageImpl.lambda$navigate$46(PageImpl.java:927)
	at com.microsoft.playwright.impl.LoggingSupport.withLogging(LoggingSupport.java:47)
	at com.microsoft.playwright.impl.ChannelOwner.withLogging(ChannelOwner.java:89)
	at com.microsoft.playwright.impl.PageImpl.navigate(PageImpl.java:927)
	at com.microsoft.playwright.impl.PageImpl.navigate(PageImpl.java:42)
	at com.microsoft.playwright.Page.navigate(Page.java:5530)
	at pages.SearchPage.navigate(SearchPage.java:23)
	at tests.SearchTest.initPage(SearchTest.java:16)
	at java.base/jdk.internal.reflect.DirectMethodHandleAccessor.invoke(DirectMethodHandleAccessor.java:103)
	at java.base/java.lang.reflect.Method.invoke(Method.java:580)
	at org.testng.internal.invokers.MethodInvocationHelper.invokeMethod(MethodInvocationHelper.java:139)
	at org.testng.internal.invokers.MethodInvocationHelper.invokeMethodConsideringTimeout(MethodInvocationHelper.java:69)
	at org.testng.internal.invokers.ConfigInvoker.invokeConfigurationMethod(ConfigInvoker.java:393)
	at org.testng.internal.invokers.ConfigInvoker.invokeConfigurations(ConfigInvoker.java:326)
	at org.testng.internal.invokers.TestInvoker.runConfigMethods(TestInvoker.java:810)
	at org.testng.internal.invokers.TestInvoker.invokeMethod(TestInvoker.java:578)
	at org.testng.internal.invokers.TestInvoker.invokeTestMethod(TestInvoker.java:228)
	at org.testng.internal.invokers.MethodRunner.runInSequence(MethodRunner.java:63)
	at org.testng.internal.invokers.TestInvoker$MethodInvocationAgent.invoke(TestInvoker.java:961)
	at org.testng.internal.invokers.TestInvoker.invokeTestMethods(TestInvoker.java:201)
	at org.testng.internal.invokers.TestMethodWorker.invokeTestMethods(TestMethodWorker.java:148)
	at org.testng.internal.invokers.TestMethodWorker.run(TestMethodWorker.java:128)
	at java.base/java.util.ArrayList.forEach(ArrayList.java:1596)
	at org.testng.TestRunner.privateRun(TestRunner.java:819)
	at org.testng.TestRunner.run(TestRunner.java:619)
	at org.testng.SuiteRunner.runTest(SuiteRunner.java:443)
	at org.testng.SuiteRunner.runSequentially(SuiteRunner.java:437)
	at org.testng.SuiteRunner.privateRun(SuiteRunner.java:397)
	at org.testng.SuiteRunner.run(SuiteRunner.java:336)
	at org.testng.SuiteRunnerWorker.runSuite(SuiteRunnerWorker.java:52)
	at org.testng.SuiteRunnerWorker.run(SuiteRunnerWorker.java:95)
	at org.testng.TestNG.runSuitesSequentially(TestNG.java:1301)
	at org.testng.TestNG.runSuitesLocally(TestNG.java:1228)
	at org.testng.TestNG.runSuites(TestNG.java:1134)
	at org.testng.TestNG.run(TestNG.java:1101)
	at org.apache.maven.surefire.testng.TestNGExecutor.run(TestNGExecutor.java:155)
	at org.apache.maven.surefire.testng.TestNGDirectoryTestSuite.executeMulti(TestNGDirectoryTestSuite.java:169)
	at org.apache.maven.surefire.testng.TestNGDirectoryTestSuite.execute(TestNGDirectoryTestSuite.java:88)
	at org.apache.maven.surefire.testng.TestNGProvider.invoke(TestNGProvider.java:137)
	at org.apache.maven.surefire.booter.ForkedBooter.runSuitesInProcess(ForkedBooter.java:385)
	at org.apache.maven.surefire.booter.ForkedBooter.execute(ForkedBooter.java:162)
	at org.apache.maven.surefire.booter.ForkedBooter.run(ForkedBooter.java:507)
	at org.apache.maven.surefire.booter.ForkedBooter.main(ForkedBooter.java:495)
Caused by: com.microsoft.playwright.TimeoutError: Error {
  message='Timeout 30000ms exceeded.
  name='TimeoutError
  stack='TimeoutError: Timeout 30000ms exceeded.
    at ProgressController.run (E:\Temp\playwright-java-10231606849415422161\package\lib\server\progress.js:78:26)
    at Frame.goto (E:\Temp\playwright-java-10231606849415422161\package\lib\server\frames.js:517:23)
    at FrameDispatcher.goto (E:\Temp\playwright-java-10231606849415422161\package\lib\server\dispatchers\frameDispatcher.js:81:119)
    at FrameDispatcher._handleCommand (E:\Temp\playwright-java-10231606849415422161\package\lib\server\dispatchers\dispatcher.js:94:40)
    at DispatcherConnection.dispatch (E:\Temp\playwright-java-10231606849415422161\package\lib\server\dispatchers\dispatcher.js:361:39)
}
Call log:
- navigating to "https://automationexercise.com/products", waiting until "load"

	at com.microsoft.playwright.impl.Connection.dispatch(Connection.java:254)
	at com.microsoft.playwright.impl.Connection.processOneMessage(Connection.java:211)
	at com.microsoft.playwright.impl.ChannelOwner.runUntil(ChannelOwner.java:118)
	... 46 more
]]></failure>
  </testcase>
  <testcase name="searchSpecialCharacters" classname="tests.SearchTest" time="0.0">
    <skipped message="Error {&#10;  message=&apos;Timeout 30000ms exceeded.&#10;  name=&apos;TimeoutError&#10;  stack=&apos;TimeoutError: Timeout 30000ms exceeded.&#10;    at ProgressController.run (E:\Temp\playwright-java-10231606849415422161\package\lib\server\progress.js:78:26)&#10;    at Frame.goto (E:\Temp\playwright-java-10231606849415422161\package\lib\server\frames.js:517:23)&#10;    at FrameDispatcher.goto (E:\Temp\playwright-java-10231606849415422161\package\lib\server\dispatchers\frameDispatcher.js:81:119)&#10;    at FrameDispatcher._handleCommand (E:\Temp\playwright-java-10231606849415422161\package\lib\server\dispatchers\dispatcher.js:94:40)&#10;    at DispatcherConnection.dispatch (E:\Temp\playwright-java-10231606849415422161\package\lib\server\dispatchers\dispatcher.js:361:39)&#10;}&#10;Call log:&#10;- navigating to &quot;https://automationexercise.com/products&quot;, waiting until &quot;load&quot;&#10;"/>
  </testcase>
  <testcase name="closeContext" classname="tests.SearchTest" time="0.0">
    <skipped/>
  </testcase>
  <testcase name="teardown" classname="tests.SearchTest" time="0.0">
    <skipped/>
  </testcase>
  <testcase name="signUpSuccess" classname="tests.SignUpTest" time="3.192">
    <system-out><![CDATA[Signup thành công!
]]></system-out>
  </testcase>
  <testcase name="signUpWithEmptyAddress" classname="tests.SignUpTest" time="5.63">
    <failure message="Locator expected to be visible&#10;Call log:&#10;Locator.expect with timeout 5000ms&#10;waiting for getByText(&quot;Enter Account Information&quot;)" type="org.opentest4j.AssertionFailedError"><![CDATA[org.opentest4j.AssertionFailedError: 
Locator expected to be visible
Call log:
Locator.expect with timeout 5000ms
waiting for getByText("Enter Account Information")
	at com.microsoft.playwright.impl.AssertionsBase.expectImpl(AssertionsBase.java:69)
	at com.microsoft.playwright.impl.AssertionsBase.expectImpl(AssertionsBase.java:51)
	at com.microsoft.playwright.impl.LocatorAssertionsImpl.expectTrue(LocatorAssertionsImpl.java:392)
	at com.microsoft.playwright.impl.LocatorAssertionsImpl.isVisible(LocatorAssertionsImpl.java:387)
	at com.microsoft.playwright.assertions.LocatorAssertions.isVisible(LocatorAssertions.java:768)
	at pages.SignUpPage.verifyEnterAccountInfoVisible(SignUpPage.java:142)
	at tests.SignUpTest.signUpWithEmptyAddress(SignUpTest.java:174)
	at java.base/jdk.internal.reflect.DirectMethodHandleAccessor.invoke(DirectMethodHandleAccessor.java:103)
	at java.base/java.lang.reflect.Method.invoke(Method.java:580)
	at org.testng.internal.invokers.MethodInvocationHelper.invokeMethod(MethodInvocationHelper.java:139)
	at org.testng.internal.invokers.TestInvoker.invokeMethod(TestInvoker.java:664)
	at org.testng.internal.invokers.TestInvoker.invokeTestMethod(TestInvoker.java:228)
	at org.testng.internal.invokers.MethodRunner.runInSequence(MethodRunner.java:63)
	at org.testng.internal.invokers.TestInvoker$MethodInvocationAgent.invoke(TestInvoker.java:961)
	at org.testng.internal.invokers.TestInvoker.invokeTestMethods(TestInvoker.java:201)
	at org.testng.internal.invokers.TestMethodWorker.invokeTestMethods(TestMethodWorker.java:148)
	at org.testng.internal.invokers.TestMethodWorker.run(TestMethodWorker.java:128)
	at java.base/java.util.ArrayList.forEach(ArrayList.java:1596)
	at org.testng.TestRunner.privateRun(TestRunner.java:819)
	at org.testng.TestRunner.run(TestRunner.java:619)
	at org.testng.SuiteRunner.runTest(SuiteRunner.java:443)
	at org.testng.SuiteRunner.runSequentially(SuiteRunner.java:437)
	at org.testng.SuiteRunner.privateRun(SuiteRunner.java:397)
	at org.testng.SuiteRunner.run(SuiteRunner.java:336)
	at org.testng.SuiteRunnerWorker.runSuite(SuiteRunnerWorker.java:52)
	at org.testng.SuiteRunnerWorker.run(SuiteRunnerWorker.java:95)
	at org.testng.TestNG.runSuitesSequentially(TestNG.java:1301)
	at org.testng.TestNG.runSuitesLocally(TestNG.java:1228)
	at org.testng.TestNG.runSuites(TestNG.java:1134)
	at org.testng.TestNG.run(TestNG.java:1101)
	at org.apache.maven.surefire.testng.TestNGExecutor.run(TestNGExecutor.java:155)
	at org.apache.maven.surefire.testng.TestNGDirectoryTestSuite.executeMulti(TestNGDirectoryTestSuite.java:169)
	at org.apache.maven.surefire.testng.TestNGDirectoryTestSuite.execute(TestNGDirectoryTestSuite.java:88)
	at org.apache.maven.surefire.testng.TestNGProvider.invoke(TestNGProvider.java:137)
	at org.apache.maven.surefire.booter.ForkedBooter.runSuitesInProcess(ForkedBooter.java:385)
	at org.apache.maven.surefire.booter.ForkedBooter.execute(ForkedBooter.java:162)
	at org.apache.maven.surefire.booter.ForkedBooter.run(ForkedBooter.java:507)
	at org.apache.maven.surefire.booter.ForkedBooter.main(ForkedBooter.java:495)
]]></failure>
  </testcase>
  <testcase name="signUpWithEmptyEmail" classname="tests.SignUpTest" time="0.206">
    <system-out><![CDATA[Empty email → has error message!
]]></system-out>
  </testcase>
  <testcase name="signUpWithEmptyFirstName" classname="tests.SignUpTest" time="2.783">
    <system-out><![CDATA[Empty first name → form without submit!
]]></system-out>
  </testcase>
  <testcase name="initPage" classname="tests.SignUpTest" time="33.158">
    <failure message="Error {&#10;  message=&apos;Timeout 30000ms exceeded.&#10;  name=&apos;TimeoutError&#10;  stack=&apos;TimeoutError: Timeout 30000ms exceeded.&#10;    at ProgressController.run (E:\Temp\playwright-java-10231606849415422161\package\lib\server\progress.js:78:26)&#10;    at Frame.goto (E:\Temp\playwright-java-10231606849415422161\package\lib\server\frames.js:517:23)&#10;    at FrameDispatcher.goto (E:\Temp\playwright-java-10231606849415422161\package\lib\server\dispatchers\frameDispatcher.js:81:119)&#10;    at FrameDispatcher._handleCommand (E:\Temp\playwright-java-10231606849415422161\package\lib\server\dispatchers\dispatcher.js:94:40)&#10;    at DispatcherConnection.dispatch (E:\Temp\playwright-java-10231606849415422161\package\lib\server\dispatchers\dispatcher.js:361:39)&#10;}&#10;Call log:&#10;- navigating to &quot;https://automationexercise.com/login&quot;, waiting until &quot;load&quot;&#10;" type="com.microsoft.playwright.TimeoutError"><![CDATA[com.microsoft.playwright.TimeoutError: 
Error {
  message='Timeout 30000ms exceeded.
  name='TimeoutError
  stack='TimeoutError: Timeout 30000ms exceeded.
    at ProgressController.run (E:\Temp\playwright-java-10231606849415422161\package\lib\server\progress.js:78:26)
    at Frame.goto (E:\Temp\playwright-java-10231606849415422161\package\lib\server\frames.js:517:23)
    at FrameDispatcher.goto (E:\Temp\playwright-java-10231606849415422161\package\lib\server\dispatchers\frameDispatcher.js:81:119)
    at FrameDispatcher._handleCommand (E:\Temp\playwright-java-10231606849415422161\package\lib\server\dispatchers\dispatcher.js:94:40)
    at DispatcherConnection.dispatch (E:\Temp\playwright-java-10231606849415422161\package\lib\server\dispatchers\dispatcher.js:361:39)
}
Call log:
- navigating to "https://automationexercise.com/login", waiting until "load"

	at com.microsoft.playwright.impl.WaitableResult.get(WaitableResult.java:52)
	at com.microsoft.playwright.impl.ChannelOwner.runUntil(ChannelOwner.java:120)
	at com.microsoft.playwright.impl.Connection.sendMessage(Connection.java:130)
	at com.microsoft.playwright.impl.ChannelOwner.sendMessage(ChannelOwner.java:106)
	at com.microsoft.playwright.impl.FrameImpl.navigateImpl(FrameImpl.java:463)
	at com.microsoft.playwright.impl.PageImpl.lambda$navigate$46(PageImpl.java:927)
	at com.microsoft.playwright.impl.LoggingSupport.withLogging(LoggingSupport.java:47)
	at com.microsoft.playwright.impl.ChannelOwner.withLogging(ChannelOwner.java:89)
	at com.microsoft.playwright.impl.PageImpl.navigate(PageImpl.java:927)
	at com.microsoft.playwright.impl.PageImpl.navigate(PageImpl.java:42)
	at com.microsoft.playwright.Page.navigate(Page.java:5530)
	at pages.SignUpPage.navigate(SignUpPage.java:67)
	at tests.SignUpTest.initPage(SignUpTest.java:24)
	at java.base/jdk.internal.reflect.DirectMethodHandleAccessor.invoke(DirectMethodHandleAccessor.java:103)
	at java.base/java.lang.reflect.Method.invoke(Method.java:580)
	at org.testng.internal.invokers.MethodInvocationHelper.invokeMethod(MethodInvocationHelper.java:139)
	at org.testng.internal.invokers.MethodInvocationHelper.invokeMethodConsideringTimeout(MethodInvocationHelper.java:69)
	at org.testng.internal.invokers.ConfigInvoker.invokeConfigurationMethod(ConfigInvoker.java:393)
	at org.testng.internal.invokers.ConfigInvoker.invokeConfigurations(ConfigInvoker.java:326)
	at org.testng.internal.invokers.TestInvoker.runConfigMethods(TestInvoker.java:810)
	at org.testng.internal.invokers.TestInvoker.invokeMethod(TestInvoker.java:578)
	at org.testng.internal.invokers.TestInvoker.invokeTestMethod(TestInvoker.java:228)
	at org.testng.internal.invokers.MethodRunner.runInSequence(MethodRunner.java:63)
	at org.testng.internal.invokers.TestInvoker$MethodInvocationAgent.invoke(TestInvoker.java:961)
	at org.testng.internal.invokers.TestInvoker.invokeTestMethods(TestInvoker.java:201)
	at org.testng.internal.invokers.TestMethodWorker.invokeTestMethods(TestMethodWorker.java:148)
	at org.testng.internal.invokers.TestMethodWorker.run(TestMethodWorker.java:128)
	at java.base/java.util.ArrayList.forEach(ArrayList.java:1596)
	at org.testng.TestRunner.privateRun(TestRunner.java:819)
	at org.testng.TestRunner.run(TestRunner.java:619)
	at org.testng.SuiteRunner.runTest(SuiteRunner.java:443)
	at org.testng.SuiteRunner.runSequentially(SuiteRunner.java:437)
	at org.testng.SuiteRunner.privateRun(SuiteRunner.java:397)
	at org.testng.SuiteRunner.run(SuiteRunner.java:336)
	at org.testng.SuiteRunnerWorker.runSuite(SuiteRunnerWorker.java:52)
	at org.testng.SuiteRunnerWorker.run(SuiteRunnerWorker.java:95)
	at org.testng.TestNG.runSuitesSequentially(TestNG.java:1301)
	at org.testng.TestNG.runSuitesLocally(TestNG.java:1228)
	at org.testng.TestNG.runSuites(TestNG.java:1134)
	at org.testng.TestNG.run(TestNG.java:1101)
	at org.apache.maven.surefire.testng.TestNGExecutor.run(TestNGExecutor.java:155)
	at org.apache.maven.surefire.testng.TestNGDirectoryTestSuite.executeMulti(TestNGDirectoryTestSuite.java:169)
	at org.apache.maven.surefire.testng.TestNGDirectoryTestSuite.execute(TestNGDirectoryTestSuite.java:88)
	at org.apache.maven.surefire.testng.TestNGProvider.invoke(TestNGProvider.java:137)
	at org.apache.maven.surefire.booter.ForkedBooter.runSuitesInProcess(ForkedBooter.java:385)
	at org.apache.maven.surefire.booter.ForkedBooter.execute(ForkedBooter.java:162)
	at org.apache.maven.surefire.booter.ForkedBooter.run(ForkedBooter.java:507)
	at org.apache.maven.surefire.booter.ForkedBooter.main(ForkedBooter.java:495)
Caused by: com.microsoft.playwright.TimeoutError: Error {
  message='Timeout 30000ms exceeded.
  name='TimeoutError
  stack='TimeoutError: Timeout 30000ms exceeded.
    at ProgressController.run (E:\Temp\playwright-java-10231606849415422161\package\lib\server\progress.js:78:26)
    at Frame.goto (E:\Temp\playwright-java-10231606849415422161\package\lib\server\frames.js:517:23)
    at FrameDispatcher.goto (E:\Temp\playwright-java-10231606849415422161\package\lib\server\dispatchers\frameDispatcher.js:81:119)
    at FrameDispatcher._handleCommand (E:\Temp\playwright-java-10231606849415422161\package\lib\server\dispatchers\dispatcher.js:94:40)
    at DispatcherConnection.dispatch (E:\Temp\playwright-java-10231606849415422161\package\lib\server\dispatchers\dispatcher.js:361:39)
}
Call log:
- navigating to "https://automationexercise.com/login", waiting until "load"

	at com.microsoft.playwright.impl.Connection.dispatch(Connection.java:254)
	at com.microsoft.playwright.impl.Connection.processOneMessage(Connection.java:211)
	at com.microsoft.playwright.impl.ChannelOwner.runUntil(ChannelOwner.java:118)
	... 46 more
]]></failure>
  </testcase>
  <testcase name="initPage" classname="tests.SignUpTest" time="0.0">
    <skipped/>
  </testcase>
  <testcase name="initPage" classname="tests.SignUpTest" time="0.0">
    <skipped/>
  </testcase>
  <testcase name="initPage" classname="tests.SignUpTest" time="0.0">
    <skipped/>
  </testcase>
  <testcase name="initPage" classname="tests.SignUpTest" time="0.0">
    <skipped/>
  </testcase>
  <testcase name="initPage" classname="tests.SignUpTest" time="0.0">
    <skipped/>
  </testcase>
  <testcase name="initPage" classname="tests.SignUpTest" time="0.0">
    <skipped/>
  </testcase>
  <testcase name="initPage" classname="tests.SignUpTest" time="0.0">
    <skipped/>
  </testcase>
  <testcase name="signUpWithEmptyLastName" classname="tests.SignUpTest" time="0.0">
    <skipped message="Error {&#10;  message=&apos;Timeout 30000ms exceeded.&#10;  name=&apos;TimeoutError&#10;  stack=&apos;TimeoutError: Timeout 30000ms exceeded.&#10;    at ProgressController.run (E:\Temp\playwright-java-10231606849415422161\package\lib\server\progress.js:78:26)&#10;    at Frame.goto (E:\Temp\playwright-java-10231606849415422161\package\lib\server\frames.js:517:23)&#10;    at FrameDispatcher.goto (E:\Temp\playwright-java-10231606849415422161\package\lib\server\dispatchers\frameDispatcher.js:81:119)&#10;    at FrameDispatcher._handleCommand (E:\Temp\playwright-java-10231606849415422161\package\lib\server\dispatchers\dispatcher.js:94:40)&#10;    at DispatcherConnection.dispatch (E:\Temp\playwright-java-10231606849415422161\package\lib\server\dispatchers\dispatcher.js:361:39)&#10;}&#10;Call log:&#10;- navigating to &quot;https://automationexercise.com/login&quot;, waiting until &quot;load&quot;&#10;"/>
  </testcase>
  <testcase name="closeContext" classname="tests.SignUpTest" time="0.0">
    <skipped/>
  </testcase>
  <testcase name="closeContext" classname="tests.SignUpTest" time="0.0">
    <skipped/>
  </testcase>
  <testcase name="closeContext" classname="tests.SignUpTest" time="0.0">
    <skipped/>
  </testcase>
  <testcase name="closeContext" classname="tests.SignUpTest" time="0.0">
    <skipped/>
  </testcase>
  <testcase name="closeContext" classname="tests.SignUpTest" time="0.0">
    <skipped/>
  </testcase>
  <testcase name="closeContext" classname="tests.SignUpTest" time="0.0">
    <skipped/>
  </testcase>
  <testcase name="closeContext" classname="tests.SignUpTest" time="0.0">
    <skipped/>
  </testcase>
  <testcase name="closeContext" classname="tests.SignUpTest" time="0.0">
    <skipped/>
  </testcase>
  <testcase name="createContext" classname="tests.SignUpTest" time="0.0">
    <skipped/>
  </testcase>
  <testcase name="createContext" classname="tests.SignUpTest" time="0.0">
    <skipped/>
  </testcase>
  <testcase name="createContext" classname="tests.SignUpTest" time="0.0">
    <skipped/>
  </testcase>
  <testcase name="createContext" classname="tests.SignUpTest" time="0.0">
    <skipped/>
  </testcase>
  <testcase name="createContext" classname="tests.SignUpTest" time="0.0">
    <skipped/>
  </testcase>
  <testcase name="createContext" classname="tests.SignUpTest" time="0.0">
    <skipped/>
  </testcase>
  <testcase name="createContext" classname="tests.SignUpTest" time="0.0">
    <skipped/>
  </testcase>
  <testcase name="signUpWithEmptyMobile" classname="tests.SignUpTest" time="0.0">
    <skipped message="Error {&#10;  message=&apos;Timeout 30000ms exceeded.&#10;  name=&apos;TimeoutError&#10;  stack=&apos;TimeoutError: Timeout 30000ms exceeded.&#10;    at ProgressController.run (E:\Temp\playwright-java-10231606849415422161\package\lib\server\progress.js:78:26)&#10;    at Frame.goto (E:\Temp\playwright-java-10231606849415422161\package\lib\server\frames.js:517:23)&#10;    at FrameDispatcher.goto (E:\Temp\playwright-java-10231606849415422161\package\lib\server\dispatchers\frameDispatcher.js:81:119)&#10;    at FrameDispatcher._handleCommand (E:\Temp\playwright-java-10231606849415422161\package\lib\server\dispatchers\dispatcher.js:94:40)&#10;    at DispatcherConnection.dispatch (E:\Temp\playwright-java-10231606849415422161\package\lib\server\dispatchers\dispatcher.js:361:39)&#10;}&#10;Call log:&#10;- navigating to &quot;https://automationexercise.com/login&quot;, waiting until &quot;load&quot;&#10;"/>
  </testcase>
  <testcase name="signUpWithEmptyName" classname="tests.SignUpTest" time="0.0">
    <skipped message="Error {&#10;  message=&apos;Timeout 30000ms exceeded.&#10;  name=&apos;TimeoutError&#10;  stack=&apos;TimeoutError: Timeout 30000ms exceeded.&#10;    at ProgressController.run (E:\Temp\playwright-java-10231606849415422161\package\lib\server\progress.js:78:26)&#10;    at Frame.goto (E:\Temp\playwright-java-10231606849415422161\package\lib\server\frames.js:517:23)&#10;    at FrameDispatcher.goto (E:\Temp\playwright-java-10231606849415422161\package\lib\server\dispatchers\frameDispatcher.js:81:119)&#10;    at FrameDispatcher._handleCommand (E:\Temp\playwright-java-10231606849415422161\package\lib\server\dispatchers\dispatcher.js:94:40)&#10;    at DispatcherConnection.dispatch (E:\Temp\playwright-java-10231606849415422161\package\lib\server\dispatchers\dispatcher.js:361:39)&#10;}&#10;Call log:&#10;- navigating to &quot;https://automationexercise.com/login&quot;, waiting until &quot;load&quot;&#10;"/>
  </testcase>
  <testcase name="signUpWithEmptyPassword" classname="tests.SignUpTest" time="0.0">
    <skipped message="Error {&#10;  message=&apos;Timeout 30000ms exceeded.&#10;  name=&apos;TimeoutError&#10;  stack=&apos;TimeoutError: Timeout 30000ms exceeded.&#10;    at ProgressController.run (E:\Temp\playwright-java-10231606849415422161\package\lib\server\progress.js:78:26)&#10;    at Frame.goto (E:\Temp\playwright-java-10231606849415422161\package\lib\server\frames.js:517:23)&#10;    at FrameDispatcher.goto (E:\Temp\playwright-java-10231606849415422161\package\lib\server\dispatchers\frameDispatcher.js:81:119)&#10;    at FrameDispatcher._handleCommand (E:\Temp\playwright-java-10231606849415422161\package\lib\server\dispatchers\dispatcher.js:94:40)&#10;    at DispatcherConnection.dispatch (E:\Temp\playwright-java-10231606849415422161\package\lib\server\dispatchers\dispatcher.js:361:39)&#10;}&#10;Call log:&#10;- navigating to &quot;https://automationexercise.com/login&quot;, waiting until &quot;load&quot;&#10;"/>
  </testcase>
  <testcase name="signUpWithExistingEmail" classname="tests.SignUpTest" time="0.0">
    <skipped message="Error {&#10;  message=&apos;Timeout 30000ms exceeded.&#10;  name=&apos;TimeoutError&#10;  stack=&apos;TimeoutError: Timeout 30000ms exceeded.&#10;    at ProgressController.run (E:\Temp\playwright-java-10231606849415422161\package\lib\server\progress.js:78:26)&#10;    at Frame.goto (E:\Temp\playwright-java-10231606849415422161\package\lib\server\frames.js:517:23)&#10;    at FrameDispatcher.goto (E:\Temp\playwright-java-10231606849415422161\package\lib\server\dispatchers\frameDispatcher.js:81:119)&#10;    at FrameDispatcher._handleCommand (E:\Temp\playwright-java-10231606849415422161\package\lib\server\dispatchers\dispatcher.js:94:40)&#10;    at DispatcherConnection.dispatch (E:\Temp\playwright-java-10231606849415422161\package\lib\server\dispatchers\dispatcher.js:361:39)&#10;}&#10;Call log:&#10;- navigating to &quot;https://automationexercise.com/login&quot;, waiting until &quot;load&quot;&#10;"/>
  </testcase>
  <testcase name="signUpWithInvalidEmail" classname="tests.SignUpTest" time="0.0">
    <skipped message="Error {&#10;  message=&apos;Timeout 30000ms exceeded.&#10;  name=&apos;TimeoutError&#10;  stack=&apos;TimeoutError: Timeout 30000ms exceeded.&#10;    at ProgressController.run (E:\Temp\playwright-java-10231606849415422161\package\lib\server\progress.js:78:26)&#10;    at Frame.goto (E:\Temp\playwright-java-10231606849415422161\package\lib\server\frames.js:517:23)&#10;    at FrameDispatcher.goto (E:\Temp\playwright-java-10231606849415422161\package\lib\server\dispatchers\frameDispatcher.js:81:119)&#10;    at FrameDispatcher._handleCommand (E:\Temp\playwright-java-10231606849415422161\package\lib\server\dispatchers\dispatcher.js:94:40)&#10;    at DispatcherConnection.dispatch (E:\Temp\playwright-java-10231606849415422161\package\lib\server\dispatchers\dispatcher.js:361:39)&#10;}&#10;Call log:&#10;- navigating to &quot;https://automationexercise.com/login&quot;, waiting until &quot;load&quot;&#10;"/>
  </testcase>
  <testcase name="signUpWithInvalidMobile" classname="tests.SignUpTest" time="0.0">
    <skipped message="Error {&#10;  message=&apos;Timeout 30000ms exceeded.&#10;  name=&apos;TimeoutError&#10;  stack=&apos;TimeoutError: Timeout 30000ms exceeded.&#10;    at ProgressController.run (E:\Temp\playwright-java-10231606849415422161\package\lib\server\progress.js:78:26)&#10;    at Frame.goto (E:\Temp\playwright-java-10231606849415422161\package\lib\server\frames.js:517:23)&#10;    at FrameDispatcher.goto (E:\Temp\playwright-java-10231606849415422161\package\lib\server\dispatchers\frameDispatcher.js:81:119)&#10;    at FrameDispatcher._handleCommand (E:\Temp\playwright-java-10231606849415422161\package\lib\server\dispatchers\dispatcher.js:94:40)&#10;    at DispatcherConnection.dispatch (E:\Temp\playwright-java-10231606849415422161\package\lib\server\dispatchers\dispatcher.js:361:39)&#10;}&#10;Call log:&#10;- navigating to &quot;https://automationexercise.com/login&quot;, waiting until &quot;load&quot;&#10;"/>
  </testcase>
  <testcase name="signUpWithPhonethan10Digits" classname="tests.SignUpTest" time="0.0">
    <skipped message="Error {&#10;  message=&apos;Timeout 30000ms exceeded.&#10;  name=&apos;TimeoutError&#10;  stack=&apos;TimeoutError: Timeout 30000ms exceeded.&#10;    at ProgressController.run (E:\Temp\playwright-java-10231606849415422161\package\lib\server\progress.js:78:26)&#10;    at Frame.goto (E:\Temp\playwright-java-10231606849415422161\package\lib\server\frames.js:517:23)&#10;    at FrameDispatcher.goto (E:\Temp\playwright-java-10231606849415422161\package\lib\server\dispatchers\frameDispatcher.js:81:119)&#10;    at FrameDispatcher._handleCommand (E:\Temp\playwright-java-10231606849415422161\package\lib\server\dispatchers\dispatcher.js:94:40)&#10;    at DispatcherConnection.dispatch (E:\Temp\playwright-java-10231606849415422161\package\lib\server\dispatchers\dispatcher.js:361:39)&#10;}&#10;Call log:&#10;- navigating to &quot;https://automationexercise.com/login&quot;, waiting until &quot;load&quot;&#10;"/>
  </testcase>
  <testcase name="teardown" classname="tests.SignUpTest" time="0.0">
    <skipped/>
  </testcase>
</testsuite>