<?xml version="1.0" encoding="UTF-8"?>
<!-- Generated by org.testng.reporters.JUnitReportReporter -->
<testsuite hostname="thuthu" failures="0" tests="6" name="tests.SearchTest" time="54.575" errors="1" timestamp="2026-06-01T10:09:49 ICT" skipped="1">
  <testcase classname="tests.SearchTest" name="searchSpecialCharacters" time="3.456">
    <skipped/>
  </testcase> <!-- searchSpecialCharacters -->
  <testcase classname="tests.SearchTest" name="searchEmpty" time="5.907"/>
  <testcase classname="tests.SearchTest" name="searchNonExistingProduct" time="5.280"/>
  <testcase classname="tests.SearchTest" name="searchProduct" time="8.850"/>
  <testcase classname="tests.SearchTest" name="searchCaseInsensitive" time="1.071"/>
  <testcase classname="tests.SearchTest" name="initPage" time="30.011">
    <error message="Error {
  message=&#039;Timeout 30000ms exceeded.
  name=&#039;TimeoutError
  stack=&#039;TimeoutError: Timeout 30000ms exceeded.
    at ProgressController.run (E:\Temp\playwright-java-10231606849415422161\package\lib\server\progress.js:78:26)
    at Frame.goto (E:\Temp\playwright-java-10231606849415422161\package\lib\server\frames.js:517:23)
    at FrameDispatcher.goto (E:\Temp\playwright-java-10231606849415422161\package\lib\server\dispatchers\frameDispatcher.js:81:119)
    at FrameDispatcher._handleCommand (E:\Temp\playwright-java-10231606849415422161\package\lib\server\dispatchers\dispatcher.js:94:40)
    at DispatcherConnection.dispatch (E:\Temp\playwright-java-10231606849415422161\package\lib\server\dispatchers\dispatcher.js:361:39)
}
Call log:
- navigating to &quot;https://automationexercise.com/products&quot;, waiting until &quot;load&quot;
" type="com.microsoft.playwright.TimeoutError">
      <![CDATA[com.microsoft.playwright.TimeoutError: Error {
  message='Timeout 30000ms exceeded.
  name='TimeoutError
  stack='TimeoutError: Timeout 30000ms exceeded.
    at ProgressController.run (E:\Temp\playwright-java-10231606849415422161\package\lib\server\progress.js:78:26)
    at Frame.goto (E:\Temp\playwright-java-10231606849415422161\package\lib\server\frames.js:517:23)
    at FrameDispatcher.goto (E:\Temp\playwright-java-10231606849415422161\package\lib\server\dispatchers\frameDispatcher.js:81:119)
    at FrameDispatcher._handleCommand (E:\Temp\playwright-java-10231606849415422161\package\lib\server\dispatchers\dispatcher.js:94:40)
    at DispatcherConnection.dispatch (E:\Temp\playwright-java-10231606849415422161\package\lib\server\dispatchers\dispatcher.js:361:39)
}
Call log:
- navigating to "https://automationexercise.com/products", waiting until "load"

at com.microsoft.playwright.impl.WaitableResult.get(WaitableResult.java:52)
at com.microsoft.playwright.impl.ChannelOwner.runUntil(ChannelOwner.java:120)
at com.microsoft.playwright.impl.Connection.sendMessage(Connection.java:130)
at com.microsoft.playwright.impl.ChannelOwner.sendMessage(ChannelOwner.java:106)
at com.microsoft.playwright.impl.FrameImpl.navigateImpl(FrameImpl.java:463)
at com.microsoft.playwright.impl.PageImpl.lambda$navigate$46(PageImpl.java:927)
at com.microsoft.playwright.impl.LoggingSupport.withLogging(LoggingSupport.java:47)
at com.microsoft.playwright.impl.ChannelOwner.withLogging(ChannelOwner.java:89)
at com.microsoft.playwright.impl.PageImpl.navigate(PageImpl.java:927)
at com.microsoft.playwright.impl.PageImpl.navigate(PageImpl.java:42)
at com.microsoft.playwright.Page.navigate(Page.java:5530)
at pages.SearchPage.navigate(SearchPage.java:23)
at tests.SearchTest.initPage(SearchTest.java:16)
at java.base/jdk.internal.reflect.DirectMethodHandleAccessor.invoke(DirectMethodHandleAccessor.java:103)
at java.base/java.lang.reflect.Method.invoke(Method.java:580)
at org.testng.internal.invokers.MethodInvocationHelper.invokeMethod(MethodInvocationHelper.java:139)
at org.testng.internal.invokers.MethodInvocationHelper.invokeMethodConsideringTimeout(MethodInvocationHelper.java:69)
at org.testng.internal.invokers.ConfigInvoker.invokeConfigurationMethod(ConfigInvoker.java:393)
at org.testng.internal.invokers.ConfigInvoker.invokeConfigurations(ConfigInvoker.java:326)
at org.testng.internal.invokers.TestInvoker.runConfigMethods(TestInvoker.java:810)
at org.testng.internal.invokers.TestInvoker.invokeMethod(TestInvoker.java:578)
at org.testng.internal.invokers.TestInvoker.invokeTestMethod(TestInvoker.java:228)
at org.testng.internal.invokers.MethodRunner.runInSequence(MethodRunner.java:63)
at org.testng.internal.invokers.TestInvoker$MethodInvocationAgent.invoke(TestInvoker.java:961)
at org.testng.internal.invokers.TestInvoker.invokeTestMethods(TestInvoker.java:201)
at org.testng.internal.invokers.TestMethodWorker.invokeTestMethods(TestMethodWorker.java:148)
at org.testng.internal.invokers.TestMethodWorker.run(TestMethodWorker.java:128)
at java.base/java.util.ArrayList.forEach(ArrayList.java:1596)
at org.testng.TestRunner.privateRun(TestRunner.java:819)
at org.testng.TestRunner.run(TestRunner.java:619)
at org.testng.SuiteRunner.runTest(SuiteRunner.java:443)
at org.testng.SuiteRunner.runSequentially(SuiteRunner.java:437)
at org.testng.SuiteRunner.privateRun(SuiteRunner.java:397)
at org.testng.SuiteRunner.run(SuiteRunner.java:336)
at org.testng.SuiteRunnerWorker.runSuite(SuiteRunnerWorker.java:52)
at org.testng.SuiteRunnerWorker.run(SuiteRunnerWorker.java:95)
at org.testng.TestNG.runSuitesSequentially(TestNG.java:1301)
at org.testng.TestNG.runSuitesLocally(TestNG.java:1228)
at org.testng.TestNG.runSuites(TestNG.java:1134)
at org.testng.TestNG.run(TestNG.java:1101)
at org.apache.maven.surefire.testng.TestNGExecutor.run(TestNGExecutor.java:155)
at org.apache.maven.surefire.testng.TestNGDirectoryTestSuite.executeMulti(TestNGDirectoryTestSuite.java:169)
at org.apache.maven.surefire.testng.TestNGDirectoryTestSuite.execute(TestNGDirectoryTestSuite.java:88)
at org.apache.maven.surefire.testng.TestNGProvider.invoke(TestNGProvider.java:137)
at org.apache.maven.surefire.booter.ForkedBooter.runSuitesInProcess(ForkedBooter.java:385)
at org.apache.maven.surefire.booter.ForkedBooter.execute(ForkedBooter.java:162)
at org.apache.maven.surefire.booter.ForkedBooter.run(ForkedBooter.java:507)
at org.apache.maven.surefire.booter.ForkedBooter.main(ForkedBooter.java:495)
Caused by: com.microsoft.playwright.TimeoutError: Error {
  message='Timeout 30000ms exceeded.
  name='TimeoutError
  stack='TimeoutError: Timeout 30000ms exceeded.
    at ProgressController.run (E:\Temp\playwright-java-10231606849415422161\package\lib\server\progress.js:78:26)
    at Frame.goto (E:\Temp\playwright-java-10231606849415422161\package\lib\server\frames.js:517:23)
    at FrameDispatcher.goto (E:\Temp\playwright-java-10231606849415422161\package\lib\server\dispatchers\frameDispatcher.js:81:119)
    at FrameDispatcher._handleCommand (E:\Temp\playwright-java-10231606849415422161\package\lib\server\dispatchers\dispatcher.js:94:40)
    at DispatcherConnection.dispatch (E:\Temp\playwright-java-10231606849415422161\package\lib\server\dispatchers\dispatcher.js:361:39)
}
Call log:
- navigating to "https://automationexercise.com/products", waiting until "load"

at com.microsoft.playwright.impl.Connection.dispatch(Connection.java:254)
at com.microsoft.playwright.impl.Connection.processOneMessage(Connection.java:211)
at com.microsoft.playwright.impl.ChannelOwner.runUntil(ChannelOwner.java:118)
... 46 more
]]>
    </error>
  </testcase> <!-- initPage -->
</testsuite> <!-- tests.SearchTest -->
