<?xml version="1.0" encoding="UTF-8"?>
<!-- Generated by org.testng.reporters.JUnitReportReporter -->
<testsuite hostname="thuthu" failures="0" tests="6" name="tests.LoginTest" time="22.984" errors="0" timestamp="2026-06-03T09:59:19 ICT" skipped="0">
  <testcase classname="tests.LoginTest" name="testLogin" time="3.199"/>
  <testcase classname="tests.LoginTest" name="testLogin" time="4.585"/>
  <testcase classname="tests.LoginTest" name="testLogin" time="2.996"/>
  <testcase classname="tests.LoginTest" name="testLogin" time="3.060"/>
  <testcase classname="tests.LoginTest" name="testLogin" time="4.938"/>
  <testcase classname="tests.LoginTest" name="testLogin" time="4.206"/>
</testsuite> <!-- tests.LoginTest -->
